
**** Build of configuration Release for project email ****

"C:\\TI\\ccsv6\\utils\\bin\\gmake" -k all 
'Building file: C:/TI/CC3200SDK_1.2.0/cc3200-sdk/example/common/button_if.c'
'Invoking: ARM Compiler'
"C:/TI/ccsv6/tools/compiler/arm_15.12.3.LTS/bin/armcl" -mv7M4 --code_state=16 --float_support=vfplib -me --include_path="C:/TI/ccsv6/tools/compiler/arm_15.12.3.LTS/include" --include_path="C:/TI/CC3200SDK_1.2.0/cc3200-sdk/example/common" --include_path="C:/TI/CC3200SDK_1.2.0/cc3200-sdk/netapps/smtp/client" --include_path="C:/TI/CC3200SDK_1.2.0/cc3200-sdk/oslib" --include_path="C:/TI/CC3200SDK_1.2.0/cc3200-sdk/simplelink/" --include_path="C:/TI/CC3200SDK_1.2.0/cc3200-sdk/simplelink/include" --include_path="C:/TI/CC3200SDK_1.2.0/cc3200-sdk/simplelink/source" --include_path="C:/TI/CC3200SDK_1.2.0/cc3200-sdk/inc" --include_path="C:/TI/CC3200SDK_1.2.0/cc3200-sdk/driverlib" --include_path="C:/TI/CC3200SDK_1.2.0/cc3200-sdk/simplelink_extlib/provisioninglib" -g --gcc --define=SL_PLATFORM_MULTI_THREADED --define=USE_TIRTOS --define=__CCS__ --define=ccs --define=cc3200 --diag_wrap=off --diag_warning=225 --display_error_number --abi=eabi --preproc_with_compile --preproc_dependency="button_if.d" --cmd_file="C:/TI/work/ti_rtos_config/Default/configPkg/compiler.opt" "C:/TI/CC3200SDK_1.2.0/cc3200-sdk/example/common/button_if.c"
'Finished building: C:/TI/CC3200SDK_1.2.0/cc3200-sdk/example/common/button_if.c'
' '
'Building file: C:/TI/CC3200SDK_1.2.0/cc3200-sdk/example/common/gpio_if.c'
'Invoking: ARM Compiler'
"C:/TI/ccsv6/tools/compiler/arm_15.12.3.LTS/bin/armcl" -mv7M4 --code_state=16 --float_support=vfplib -me --include_path="C:/TI/ccsv6/tools/compiler/arm_15.12.3.LTS/include" --include_path="C:/TI/CC3200SDK_1.2.0/cc3200-sdk/example/common" --include_path="C:/TI/CC3200SDK_1.2.0/cc3200-sdk/netapps/smtp/client" --include_path="C:/TI/CC3200SDK_1.2.0/cc3200-sdk/oslib" --include_path="C:/TI/CC3200SDK_1.2.0/cc3200-sdk/simplelink/" --include_path="C:/TI/CC3200SDK_1.2.0/cc3200-sdk/simplelink/include" --include_path="C:/TI/CC3200SDK_1.2.0/cc3200-sdk/simplelink/source" --include_path="C:/TI/CC3200SDK_1.2.0/cc3200-sdk/inc" --include_path="C:/TI/CC3200SDK_1.2.0/cc3200-sdk/driverlib" --include_path="C:/TI/CC3200SDK_1.2.0/cc3200-sdk/simplelink_extlib/provisioninglib" -g --gcc --define=SL_PLATFORM_MULTI_THREADED --define=USE_TIRTOS --define=__CCS__ --define=ccs --define=cc3200 --diag_wrap=off --diag_warning=225 --display_error_number --abi=eabi --preproc_with_compile --preproc_dependency="gpio_if.d" --cmd_file="C:/TI/work/ti_rtos_config/Default/configPkg/compiler.opt" "C:/TI/CC3200SDK_1.2.0/cc3200-sdk/example/common/gpio_if.c"
'Finished building: C:/TI/CC3200SDK_1.2.0/cc3200-sdk/example/common/gpio_if.c'
' '
'Building file: ../main.c'
'Invoking: ARM Compiler'
"C:/TI/ccsv6/tools/compiler/arm_15.12.3.LTS/bin/armcl" -mv7M4 --code_state=16 --float_support=vfplib -me --include_path="C:/TI/ccsv6/tools/compiler/arm_15.12.3.LTS/include" --include_path="C:/TI/CC3200SDK_1.2.0/cc3200-sdk/example/common" --include_path="C:/TI/CC3200SDK_1.2.0/cc3200-sdk/netapps/smtp/client" --include_path="C:/TI/CC3200SDK_1.2.0/cc3200-sdk/oslib" --include_path="C:/TI/CC3200SDK_1.2.0/cc3200-sdk/simplelink/" --include_path="C:/TI/CC3200SDK_1.2.0/cc3200-sdk/simplelink/include" --include_path="C:/TI/CC3200SDK_1.2.0/cc3200-sdk/simplelink/source" --include_path="C:/TI/CC3200SDK_1.2.0/cc3200-sdk/inc" --include_path="C:/TI/CC3200SDK_1.2.0/cc3200-sdk/driverlib" --include_path="C:/TI/CC3200SDK_1.2.0/cc3200-sdk/simplelink_extlib/provisioninglib" -g --gcc --define=SL_PLATFORM_MULTI_THREADED --define=USE_TIRTOS --define=__CCS__ --define=ccs --define=cc3200 --diag_wrap=off --diag_warning=225 --display_error_number --abi=eabi --preproc_with_compile --preproc_dependency="main.d" --cmd_file="C:/TI/work/ti_rtos_config/Default/configPkg/compiler.opt" "../main.c"
'Finished building: ../main.c'
' '
'Building file: C:/TI/CC3200SDK_1.2.0/cc3200-sdk/example/common/network_common.c'
'Invoking: ARM Compiler'
"C:/TI/ccsv6/tools/compiler/arm_15.12.3.LTS/bin/armcl" -mv7M4 --code_state=16 --float_support=vfplib -me --include_path="C:/TI/ccsv6/tools/compiler/arm_15.12.3.LTS/include" --include_path="C:/TI/CC3200SDK_1.2.0/cc3200-sdk/example/common" --include_path="C:/TI/CC3200SDK_1.2.0/cc3200-sdk/netapps/smtp/client" --include_path="C:/TI/CC3200SDK_1.2.0/cc3200-sdk/oslib" --include_path="C:/TI/CC3200SDK_1.2.0/cc3200-sdk/simplelink/" --include_path="C:/TI/CC3200SDK_1.2.0/cc3200-sdk/simplelink/include" --include_path="C:/TI/CC3200SDK_1.2.0/cc3200-sdk/simplelink/source" --include_path="C:/TI/CC3200SDK_1.2.0/cc3200-sdk/inc" --include_path="C:/TI/CC3200SDK_1.2.0/cc3200-sdk/driverlib" --include_path="C:/TI/CC3200SDK_1.2.0/cc3200-sdk/simplelink_extlib/provisioninglib" -g --gcc --define=SL_PLATFORM_MULTI_THREADED --define=USE_TIRTOS --define=__CCS__ --define=ccs --define=cc3200 --diag_wrap=off --diag_warning=225 --display_error_number --abi=eabi --preproc_with_compile --preproc_dependency="network_common.d" --cmd_file="C:/TI/work/ti_rtos_config/Default/configPkg/compiler.opt" "C:/TI/CC3200SDK_1.2.0/cc3200-sdk/example/common/network_common.c"
'Finished building: C:/TI/CC3200SDK_1.2.0/cc3200-sdk/example/common/network_common.c'
' '
'Building file: C:/TI/CC3200SDK_1.2.0/cc3200-sdk/example/common/network_if.c'
'Invoking: ARM Compiler'
"C:/TI/ccsv6/tools/compiler/arm_15.12.3.LTS/bin/armcl" -mv7M4 --code_state=16 --float_support=vfplib -me --include_path="C:/TI/ccsv6/tools/compiler/arm_15.12.3.LTS/include" --include_path="C:/TI/CC3200SDK_1.2.0/cc3200-sdk/example/common" --include_path="C:/TI/CC3200SDK_1.2.0/cc3200-sdk/netapps/smtp/client" --include_path="C:/TI/CC3200SDK_1.2.0/cc3200-sdk/oslib" --include_path="C:/TI/CC3200SDK_1.2.0/cc3200-sdk/simplelink/" --include_path="C:/TI/CC3200SDK_1.2.0/cc3200-sdk/simplelink/include" --include_path="C:/TI/CC3200SDK_1.2.0/cc3200-sdk/simplelink/source" --include_path="C:/TI/CC3200SDK_1.2.0/cc3200-sdk/inc" --include_path="C:/TI/CC3200SDK_1.2.0/cc3200-sdk/driverlib" --include_path="C:/TI/CC3200SDK_1.2.0/cc3200-sdk/simplelink_extlib/provisioninglib" -g --gcc --define=SL_PLATFORM_MULTI_THREADED --define=USE_TIRTOS --define=__CCS__ --define=ccs --define=cc3200 --diag_wrap=off --diag_warning=225 --display_error_number --abi=eabi --preproc_with_compile --preproc_dependency="network_if.d" --cmd_file="C:/TI/work/ti_rtos_config/Default/configPkg/compiler.opt" "C:/TI/CC3200SDK_1.2.0/cc3200-sdk/example/common/network_if.c"
'Finished building: C:/TI/CC3200SDK_1.2.0/cc3200-sdk/example/common/network_if.c'
' '
'Building file: ../pinmux.c'
'Invoking: ARM Compiler'
"C:/TI/ccsv6/tools/compiler/arm_15.12.3.LTS/bin/armcl" -mv7M4 --code_state=16 --float_support=vfplib -me --include_path="C:/TI/ccsv6/tools/compiler/arm_15.12.3.LTS/include" --include_path="C:/TI/CC3200SDK_1.2.0/cc3200-sdk/example/common" --include_path="C:/TI/CC3200SDK_1.2.0/cc3200-sdk/netapps/smtp/client" --include_path="C:/TI/CC3200SDK_1.2.0/cc3200-sdk/oslib" --include_path="C:/TI/CC3200SDK_1.2.0/cc3200-sdk/simplelink/" --include_path="C:/TI/CC3200SDK_1.2.0/cc3200-sdk/simplelink/include" --include_path="C:/TI/CC3200SDK_1.2.0/cc3200-sdk/simplelink/source" --include_path="C:/TI/CC3200SDK_1.2.0/cc3200-sdk/inc" --include_path="C:/TI/CC3200SDK_1.2.0/cc3200-sdk/driverlib" --include_path="C:/TI/CC3200SDK_1.2.0/cc3200-sdk/simplelink_extlib/provisioninglib" -g --gcc --define=SL_PLATFORM_MULTI_THREADED --define=USE_TIRTOS --define=__CCS__ --define=ccs --define=cc3200 --diag_wrap=off --diag_warning=225 --display_error_number --abi=eabi --preproc_with_compile --preproc_dependency="pinmux.d" --cmd_file="C:/TI/work/ti_rtos_config/Default/configPkg/compiler.opt" "../pinmux.c"
'Finished building: ../pinmux.c'
' '
'Building file: ../smartconfig.c'
'Invoking: ARM Compiler'
"C:/TI/ccsv6/tools/compiler/arm_15.12.3.LTS/bin/armcl" -mv7M4 --code_state=16 --float_support=vfplib -me --include_path="C:/TI/ccsv6/tools/compiler/arm_15.12.3.LTS/include" --include_path="C:/TI/CC3200SDK_1.2.0/cc3200-sdk/example/common" --include_path="C:/TI/CC3200SDK_1.2.0/cc3200-sdk/netapps/smtp/client" --include_path="C:/TI/CC3200SDK_1.2.0/cc3200-sdk/oslib" --include_path="C:/TI/CC3200SDK_1.2.0/cc3200-sdk/simplelink/" --include_path="C:/TI/CC3200SDK_1.2.0/cc3200-sdk/simplelink/include" --include_path="C:/TI/CC3200SDK_1.2.0/cc3200-sdk/simplelink/source" --include_path="C:/TI/CC3200SDK_1.2.0/cc3200-sdk/inc" --include_path="C:/TI/CC3200SDK_1.2.0/cc3200-sdk/driverlib" --include_path="C:/TI/CC3200SDK_1.2.0/cc3200-sdk/simplelink_extlib/provisioninglib" -g --gcc --define=SL_PLATFORM_MULTI_THREADED --define=USE_TIRTOS --define=__CCS__ --define=ccs --define=cc3200 --diag_wrap=off --diag_warning=225 --display_error_number --abi=eabi --preproc_with_compile --preproc_dependency="smartconfig.d" --cmd_file="C:/TI/work/ti_rtos_config/Default/configPkg/compiler.opt" "../smartconfig.c"
'Finished building: ../smartconfig.c'
' '
'Building file: C:/TI/CC3200SDK_1.2.0/cc3200-sdk/example/common/timer_if.c'
'Invoking: ARM Compiler'
"C:/TI/ccsv6/tools/compiler/arm_15.12.3.LTS/bin/armcl" -mv7M4 --code_state=16 --float_support=vfplib -me --include_path="C:/TI/ccsv6/tools/compiler/arm_15.12.3.LTS/include" --include_path="C:/TI/CC3200SDK_1.2.0/cc3200-sdk/example/common" --include_path="C:/TI/CC3200SDK_1.2.0/cc3200-sdk/netapps/smtp/client" --include_path="C:/TI/CC3200SDK_1.2.0/cc3200-sdk/oslib" --include_path="C:/TI/CC3200SDK_1.2.0/cc3200-sdk/simplelink/" --include_path="C:/TI/CC3200SDK_1.2.0/cc3200-sdk/simplelink/include" --include_path="C:/TI/CC3200SDK_1.2.0/cc3200-sdk/simplelink/source" --include_path="C:/TI/CC3200SDK_1.2.0/cc3200-sdk/inc" --include_path="C:/TI/CC3200SDK_1.2.0/cc3200-sdk/driverlib" --include_path="C:/TI/CC3200SDK_1.2.0/cc3200-sdk/simplelink_extlib/provisioninglib" -g --gcc --define=SL_PLATFORM_MULTI_THREADED --define=USE_TIRTOS --define=__CCS__ --define=ccs --define=cc3200 --diag_wrap=off --diag_warning=225 --display_error_number --abi=eabi --preproc_with_compile --preproc_dependency="timer_if.d" --cmd_file="C:/TI/work/ti_rtos_config/Default/configPkg/compiler.opt" "C:/TI/CC3200SDK_1.2.0/cc3200-sdk/example/common/timer_if.c"
'Finished building: C:/TI/CC3200SDK_1.2.0/cc3200-sdk/example/common/timer_if.c'
' '
'Building file: C:/TI/CC3200SDK_1.2.0/cc3200-sdk/example/common/uart_if.c'
'Invoking: ARM Compiler'
"C:/TI/ccsv6/tools/compiler/arm_15.12.3.LTS/bin/armcl" -mv7M4 --code_state=16 --float_support=vfplib -me --include_path="C:/TI/ccsv6/tools/compiler/arm_15.12.3.LTS/include" --include_path="C:/TI/CC3200SDK_1.2.0/cc3200-sdk/example/common" --include_path="C:/TI/CC3200SDK_1.2.0/cc3200-sdk/netapps/smtp/client" --include_path="C:/TI/CC3200SDK_1.2.0/cc3200-sdk/oslib" --include_path="C:/TI/CC3200SDK_1.2.0/cc3200-sdk/simplelink/" --include_path="C:/TI/CC3200SDK_1.2.0/cc3200-sdk/simplelink/include" --include_path="C:/TI/CC3200SDK_1.2.0/cc3200-sdk/simplelink/source" --include_path="C:/TI/CC3200SDK_1.2.0/cc3200-sdk/inc" --include_path="C:/TI/CC3200SDK_1.2.0/cc3200-sdk/driverlib" --include_path="C:/TI/CC3200SDK_1.2.0/cc3200-sdk/simplelink_extlib/provisioninglib" -g --gcc --define=SL_PLATFORM_MULTI_THREADED --define=USE_TIRTOS --define=__CCS__ --define=ccs --define=cc3200 --diag_wrap=off --diag_warning=225 --display_error_number --abi=eabi --preproc_with_compile --preproc_dependency="uart_if.d" --cmd_file="C:/TI/work/ti_rtos_config/Default/configPkg/compiler.opt" "C:/TI/CC3200SDK_1.2.0/cc3200-sdk/example/common/uart_if.c"
'Finished building: C:/TI/CC3200SDK_1.2.0/cc3200-sdk/example/common/uart_if.c'
' '
'Building target: email.out'
'Invoking: ARM Linker'
"C:/TI/ccsv6/tools/compiler/arm_15.12.3.LTS/bin/armcl" -mv7M4 --code_state=16 --float_support=vfplib -me -g --gcc --define=SL_PLATFORM_MULTI_THREADED --define=USE_TIRTOS --define=__CCS__ --define=ccs --define=cc3200 --diag_wrap=off --diag_warning=225 --display_error_number --abi=eabi -z -m"email.map" --stack_size=0x800 --heap_size=0x8000 -i"C:/TI/ccsv6/tools/compiler/arm_15.12.3.LTS/lib" -i"C:/TI/ccsv6/tools/compiler/arm_15.12.3.LTS/include" --reread_libs --diag_wrap=off --warn_sections --display_error_number --xml_link_info="email_linkInfo.xml" --rom_model -o "email.out" "./button_if.obj" "./gpio_if.obj" "./main.obj" "./network_common.obj" "./network_if.obj" "./pinmux.obj" "./smartconfig.obj" "./timer_if.obj" "./uart_if.obj" "../cc3200v1p32.cmd" -l"C:/TI/work/ti_rtos_config/Default/configPkg/linker.cmd" -llibc.a -l"C:/TI/CC3200SDK_1.2.0/cc3200-sdk/oslib/ccs/ti_rtos/ti_rtos.a" -l"C:/TI/CC3200SDK_1.2.0/cc3200-sdk/driverlib/ccs/Release/driverlib.a" -l"C:/TI/CC3200SDK_1.2.0/cc3200-sdk/simplelink/ccs/OS/simplelink.a" -l"C:/TI/CC3200SDK_1.2.0/cc3200-sdk/netapps/smtp/client/ccs/Release/libEmail.a" 
<Linking>
'Finished building target: email.out'
' '
'Converting to bin file'
"C:/TI/ccsv6/utils/tiobj2bin/tiobj2bin" "email.out" "email.bin" "C:/TI/ccsv6/tools/compiler/arm_15.12.3.LTS/bin/armofd" "C:/TI/ccsv6/tools/compiler/arm_15.12.3.LTS/bin/armhex" "C:/TI/ccsv6/utils/tiobj2bin/mkhex4bin"
' '

**** Build Finished ****
