
**** Clean-only build of configuration Release for project watchdog ****

"C:\\TI\\ccsv6\\utils\\bin\\gmake" -k clean 
DEL /F  "watchdog.out"  "watchdog.bin" 
DEL /F "gpio_if.d" "main.d" "pinmux.d" "startup_ccs.d" "uart_if.d" "wdt_if.d" 
DEL /F "gpio_if.obj" "main.obj" "pinmux.obj" "startup_ccs.obj" "uart_if.obj" "wdt_if.obj" 
'Finished clean'
' '

**** Build Finished ****

**** Build of configuration Release for project watchdog ****

"C:\\TI\\ccsv6\\utils\\bin\\gmake" -k all 
'Building file: C:/TI/CC3200SDK_1.2.0/cc3200-sdk/example/common/gpio_if.c'
'Invoking: ARM Compiler'
"C:/TI/ccsv6/tools/compiler/arm_15.12.3.LTS/bin/armcl" -mv7M4 --code_state=16 --float_support=vfplib -me -Ooff --include_path="C:/TI/ccsv6/tools/compiler/arm_15.12.3.LTS/include" --include_path="C:/TI/CC3200SDK_1.2.0/cc3200-sdk/driverlib/" --include_path="C:/TI/CC3200SDK_1.2.0/cc3200-sdk/inc/" --include_path="C:/TI/CC3200SDK_1.2.0/cc3200-sdk/example/common" -g --gcc --define=ccs --define=NON_NETWORK --define=cc3200 --diag_warning=225 --display_error_number --abi=eabi --printf_support=full --ual --preproc_with_compile --preproc_dependency="gpio_if.d"  "C:/TI/CC3200SDK_1.2.0/cc3200-sdk/example/common/gpio_if.c"
'Finished building: C:/TI/CC3200SDK_1.2.0/cc3200-sdk/example/common/gpio_if.c'
' '
'Building file: ../main.c'
'Invoking: ARM Compiler'
"C:/TI/ccsv6/tools/compiler/arm_15.12.3.LTS/bin/armcl" -mv7M4 --code_state=16 --float_support=vfplib -me -Ooff --include_path="C:/TI/ccsv6/tools/compiler/arm_15.12.3.LTS/include" --include_path="C:/TI/CC3200SDK_1.2.0/cc3200-sdk/driverlib/" --include_path="C:/TI/CC3200SDK_1.2.0/cc3200-sdk/inc/" --include_path="C:/TI/CC3200SDK_1.2.0/cc3200-sdk/example/common" -g --gcc --define=ccs --define=NON_NETWORK --define=cc3200 --diag_warning=225 --display_error_number --abi=eabi --printf_support=full --ual --preproc_with_compile --preproc_dependency="main.d"  "../main.c"
'Finished building: ../main.c'
' '
'Building file: ../pinmux.c'
'Invoking: ARM Compiler'
"C:/TI/ccsv6/tools/compiler/arm_15.12.3.LTS/bin/armcl" -mv7M4 --code_state=16 --float_support=vfplib -me -Ooff --include_path="C:/TI/ccsv6/tools/compiler/arm_15.12.3.LTS/include" --include_path="C:/TI/CC3200SDK_1.2.0/cc3200-sdk/driverlib/" --include_path="C:/TI/CC3200SDK_1.2.0/cc3200-sdk/inc/" --include_path="C:/TI/CC3200SDK_1.2.0/cc3200-sdk/example/common" -g --gcc --define=ccs --define=NON_NETWORK --define=cc3200 --diag_warning=225 --display_error_number --abi=eabi --printf_support=full --ual --preproc_with_compile --preproc_dependency="pinmux.d"  "../pinmux.c"
'Finished building: ../pinmux.c'
' '
'Building file: C:/TI/CC3200SDK_1.2.0/cc3200-sdk/example/common/startup_ccs.c'
'Invoking: ARM Compiler'
"C:/TI/ccsv6/tools/compiler/arm_15.12.3.LTS/bin/armcl" -mv7M4 --code_state=16 --float_support=vfplib -me -Ooff --include_path="C:/TI/ccsv6/tools/compiler/arm_15.12.3.LTS/include" --include_path="C:/TI/CC3200SDK_1.2.0/cc3200-sdk/driverlib/" --include_path="C:/TI/CC3200SDK_1.2.0/cc3200-sdk/inc/" --include_path="C:/TI/CC3200SDK_1.2.0/cc3200-sdk/example/common" -g --gcc --define=ccs --define=NON_NETWORK --define=cc3200 --diag_warning=225 --display_error_number --abi=eabi --printf_support=full --ual --preproc_with_compile --preproc_dependency="startup_ccs.d"  "C:/TI/CC3200SDK_1.2.0/cc3200-sdk/example/common/startup_ccs.c"
'Finished building: C:/TI/CC3200SDK_1.2.0/cc3200-sdk/example/common/startup_ccs.c'
' '
'Building file: C:/TI/CC3200SDK_1.2.0/cc3200-sdk/example/common/uart_if.c'
'Invoking: ARM Compiler'
"C:/TI/ccsv6/tools/compiler/arm_15.12.3.LTS/bin/armcl" -mv7M4 --code_state=16 --float_support=vfplib -me -Ooff --include_path="C:/TI/ccsv6/tools/compiler/arm_15.12.3.LTS/include" --include_path="C:/TI/CC3200SDK_1.2.0/cc3200-sdk/driverlib/" --include_path="C:/TI/CC3200SDK_1.2.0/cc3200-sdk/inc/" --include_path="C:/TI/CC3200SDK_1.2.0/cc3200-sdk/example/common" -g --gcc --define=ccs --define=NON_NETWORK --define=cc3200 --diag_warning=225 --display_error_number --abi=eabi --printf_support=full --ual --preproc_with_compile --preproc_dependency="uart_if.d"  "C:/TI/CC3200SDK_1.2.0/cc3200-sdk/example/common/uart_if.c"
'Finished building: C:/TI/CC3200SDK_1.2.0/cc3200-sdk/example/common/uart_if.c'
' '
'Building file: C:/TI/CC3200SDK_1.2.0/cc3200-sdk/example/common/wdt_if.c'
'Invoking: ARM Compiler'
"C:/TI/ccsv6/tools/compiler/arm_15.12.3.LTS/bin/armcl" -mv7M4 --code_state=16 --float_support=vfplib -me -Ooff --include_path="C:/TI/ccsv6/tools/compiler/arm_15.12.3.LTS/include" --include_path="C:/TI/CC3200SDK_1.2.0/cc3200-sdk/driverlib/" --include_path="C:/TI/CC3200SDK_1.2.0/cc3200-sdk/inc/" --include_path="C:/TI/CC3200SDK_1.2.0/cc3200-sdk/example/common" -g --gcc --define=ccs --define=NON_NETWORK --define=cc3200 --diag_warning=225 --display_error_number --abi=eabi --printf_support=full --ual --preproc_with_compile --preproc_dependency="wdt_if.d"  "C:/TI/CC3200SDK_1.2.0/cc3200-sdk/example/common/wdt_if.c"
'Finished building: C:/TI/CC3200SDK_1.2.0/cc3200-sdk/example/common/wdt_if.c'
' '
'Building target: watchdog.out'
'Invoking: ARM Linker'
"C:/TI/ccsv6/tools/compiler/arm_15.12.3.LTS/bin/armcl" -mv7M4 --code_state=16 --float_support=vfplib -me -Ooff -g --gcc --define=ccs --define=NON_NETWORK --define=cc3200 --diag_warning=225 --display_error_number --abi=eabi --printf_support=full --ual -z -m"watchdog.map" --stack_size=0x800 --heap_size=0x800 -i"C:/TI/ccsv6/tools/compiler/arm_15.12.3.LTS/lib" -i"C:/TI/ccsv6/tools/compiler/arm_15.12.3.LTS/include" --reread_libs --warn_sections --display_error_number --xml_link_info="watchdog_linkInfo.xml" --rom_model -o "watchdog.out" "./gpio_if.obj" "./main.obj" "./pinmux.obj" "./startup_ccs.obj" "./uart_if.obj" "./wdt_if.obj" "../cc3200v1p32.cmd"  -llibc.a -l"C:/TI/CC3200SDK_1.2.0/cc3200-sdk/driverlib/ccs/Release/driverlib.a" 
<Linking>
'Finished building target: watchdog.out'
' '
"C:/TI/ccsv6/utils/tiobj2bin/tiobj2bin" "watchdog.out" "watchdog.bin" "C:/TI/ccsv6/tools/compiler/arm_15.12.3.LTS/bin/armofd" "C:/TI/ccsv6/tools/compiler/arm_15.12.3.LTS/bin/armhex" "C:/TI/ccsv6/utils/tiobj2bin/mkhex4bin"
' '

**** Build Finished ****

**** Build of configuration Release for project watchdog ****

"C:\\TI\\ccsv6\\utils\\bin\\gmake" -k all 
gmake: Nothing to be done for 'all'.

**** Build Finished ****

**** Build of configuration Release for project watchdog ****

"C:\\TI\\ccsv6\\utils\\bin\\gmake" -k all 
gmake: Nothing to be done for 'all'.

**** Build Finished ****

**** Build of configuration Release for project watchdog ****

"C:\\TI\\ccsv6\\utils\\bin\\gmake" -k all 
gmake: Nothing to be done for 'all'.

**** Build Finished ****

**** Build of configuration Release for project watchdog ****

"C:\\TI\\ccsv6\\utils\\bin\\gmake" -k all 
gmake: Nothing to be done for 'all'.

**** Build Finished ****

**** Build of configuration Release for project watchdog ****

"C:\\TI\\ccsv6\\utils\\bin\\gmake" -k all 
gmake: Nothing to be done for 'all'.

**** Build Finished ****

**** Build of configuration Release for project watchdog ****

"C:\\TI\\ccsv6\\utils\\bin\\gmake" -k all 
gmake: Nothing to be done for 'all'.

**** Build Finished ****

**** Build of configuration Release for project watchdog ****

"C:\\TI\\ccsv6\\utils\\bin\\gmake" -k all 
gmake: Nothing to be done for 'all'.

**** Build Finished ****

**** Build of configuration Release for project watchdog ****

"C:\\TI\\ccsv6\\utils\\bin\\gmake" -k all 
gmake: Nothing to be done for 'all'.

**** Build Finished ****
