
**** Build of configuration Release for project http_client_demo ****

"C:\\TI\\ccsv6\\utils\\bin\\gmake" -k all 
'Building file: ../main.c'
'Invoking: ARM Compiler'
"C:/TI/ccsv6/tools/compiler/arm_15.12.3.LTS/bin/armcl" -mv7M4 --code_state=16 --float_support=vfplib -me --include_path="C:/TI/ccsv6/tools/compiler/arm_15.12.3.LTS/include" --include_path="C:/TI/CC3200SDK_1.2.0/cc3200-sdk/netapps/" --include_path="C:/TI/CC3200SDK_1.2.0/cc3200-sdk/netapps/json/" --include_path="C:/TI/CC3200SDK_1.2.0/cc3200-sdk/driverlib/" --include_path="C:/TI/CC3200SDK_1.2.0/cc3200-sdk/inc/" --include_path="C:/TI/CC3200SDK_1.2.0/cc3200-sdk/example/common" --include_path="C:/TI/CC3200SDK_1.2.0/cc3200-sdk/simplelink/" --include_path="C:/TI/CC3200SDK_1.2.0/cc3200-sdk/simplelink/source" --include_path="C:/TI/CC3200SDK_1.2.0/cc3200-sdk/simplelink/include" --include_path="C:/TI/CC3200SDK_1.2.0/cc3200-sdk/simplelink_extlib/provisioninglib" -g --define=cc3200 --define=__SL__ --define=ccs --diag_wrap=off --diag_warning=225 --display_error_number --abi=eabi --preproc_with_compile --preproc_dependency="main.d"  "../main.c"
'Finished building: ../main.c'
' '
'Building file: C:/TI/CC3200SDK_1.2.0/cc3200-sdk/example/common/network_common.c'
'Invoking: ARM Compiler'
"C:/TI/ccsv6/tools/compiler/arm_15.12.3.LTS/bin/armcl" -mv7M4 --code_state=16 --float_support=vfplib -me --include_path="C:/TI/ccsv6/tools/compiler/arm_15.12.3.LTS/include" --include_path="C:/TI/CC3200SDK_1.2.0/cc3200-sdk/netapps/" --include_path="C:/TI/CC3200SDK_1.2.0/cc3200-sdk/netapps/json/" --include_path="C:/TI/CC3200SDK_1.2.0/cc3200-sdk/driverlib/" --include_path="C:/TI/CC3200SDK_1.2.0/cc3200-sdk/inc/" --include_path="C:/TI/CC3200SDK_1.2.0/cc3200-sdk/example/common" --include_path="C:/TI/CC3200SDK_1.2.0/cc3200-sdk/simplelink/" --include_path="C:/TI/CC3200SDK_1.2.0/cc3200-sdk/simplelink/source" --include_path="C:/TI/CC3200SDK_1.2.0/cc3200-sdk/simplelink/include" --include_path="C:/TI/CC3200SDK_1.2.0/cc3200-sdk/simplelink_extlib/provisioninglib" -g --define=cc3200 --define=__SL__ --define=ccs --diag_wrap=off --diag_warning=225 --display_error_number --abi=eabi --preproc_with_compile --preproc_dependency="network_common.d"  "C:/TI/CC3200SDK_1.2.0/cc3200-sdk/example/common/network_common.c"
'Finished building: C:/TI/CC3200SDK_1.2.0/cc3200-sdk/example/common/network_common.c'
' '
'Building file: ../pinmux.c'
'Invoking: ARM Compiler'
"C:/TI/ccsv6/tools/compiler/arm_15.12.3.LTS/bin/armcl" -mv7M4 --code_state=16 --float_support=vfplib -me --include_path="C:/TI/ccsv6/tools/compiler/arm_15.12.3.LTS/include" --include_path="C:/TI/CC3200SDK_1.2.0/cc3200-sdk/netapps/" --include_path="C:/TI/CC3200SDK_1.2.0/cc3200-sdk/netapps/json/" --include_path="C:/TI/CC3200SDK_1.2.0/cc3200-sdk/driverlib/" --include_path="C:/TI/CC3200SDK_1.2.0/cc3200-sdk/inc/" --include_path="C:/TI/CC3200SDK_1.2.0/cc3200-sdk/example/common" --include_path="C:/TI/CC3200SDK_1.2.0/cc3200-sdk/simplelink/" --include_path="C:/TI/CC3200SDK_1.2.0/cc3200-sdk/simplelink/source" --include_path="C:/TI/CC3200SDK_1.2.0/cc3200-sdk/simplelink/include" --include_path="C:/TI/CC3200SDK_1.2.0/cc3200-sdk/simplelink_extlib/provisioninglib" -g --define=cc3200 --define=__SL__ --define=ccs --diag_wrap=off --diag_warning=225 --display_error_number --abi=eabi --preproc_with_compile --preproc_dependency="pinmux.d"  "../pinmux.c"
'Finished building: ../pinmux.c'
' '
'Building file: C:/TI/CC3200SDK_1.2.0/cc3200-sdk/example/common/startup_ccs.c'
'Invoking: ARM Compiler'
"C:/TI/ccsv6/tools/compiler/arm_15.12.3.LTS/bin/armcl" -mv7M4 --code_state=16 --float_support=vfplib -me --include_path="C:/TI/ccsv6/tools/compiler/arm_15.12.3.LTS/include" --include_path="C:/TI/CC3200SDK_1.2.0/cc3200-sdk/netapps/" --include_path="C:/TI/CC3200SDK_1.2.0/cc3200-sdk/netapps/json/" --include_path="C:/TI/CC3200SDK_1.2.0/cc3200-sdk/driverlib/" --include_path="C:/TI/CC3200SDK_1.2.0/cc3200-sdk/inc/" --include_path="C:/TI/CC3200SDK_1.2.0/cc3200-sdk/example/common" --include_path="C:/TI/CC3200SDK_1.2.0/cc3200-sdk/simplelink/" --include_path="C:/TI/CC3200SDK_1.2.0/cc3200-sdk/simplelink/source" --include_path="C:/TI/CC3200SDK_1.2.0/cc3200-sdk/simplelink/include" --include_path="C:/TI/CC3200SDK_1.2.0/cc3200-sdk/simplelink_extlib/provisioninglib" -g --define=cc3200 --define=__SL__ --define=ccs --diag_wrap=off --diag_warning=225 --display_error_number --abi=eabi --preproc_with_compile --preproc_dependency="startup_ccs.d"  "C:/TI/CC3200SDK_1.2.0/cc3200-sdk/example/common/startup_ccs.c"
'Finished building: C:/TI/CC3200SDK_1.2.0/cc3200-sdk/example/common/startup_ccs.c'
' '
'Building file: C:/TI/CC3200SDK_1.2.0/cc3200-sdk/example/common/uart_if.c'
'Invoking: ARM Compiler'
"C:/TI/ccsv6/tools/compiler/arm_15.12.3.LTS/bin/armcl" -mv7M4 --code_state=16 --float_support=vfplib -me --include_path="C:/TI/ccsv6/tools/compiler/arm_15.12.3.LTS/include" --include_path="C:/TI/CC3200SDK_1.2.0/cc3200-sdk/netapps/" --include_path="C:/TI/CC3200SDK_1.2.0/cc3200-sdk/netapps/json/" --include_path="C:/TI/CC3200SDK_1.2.0/cc3200-sdk/driverlib/" --include_path="C:/TI/CC3200SDK_1.2.0/cc3200-sdk/inc/" --include_path="C:/TI/CC3200SDK_1.2.0/cc3200-sdk/example/common" --include_path="C:/TI/CC3200SDK_1.2.0/cc3200-sdk/simplelink/" --include_path="C:/TI/CC3200SDK_1.2.0/cc3200-sdk/simplelink/source" --include_path="C:/TI/CC3200SDK_1.2.0/cc3200-sdk/simplelink/include" --include_path="C:/TI/CC3200SDK_1.2.0/cc3200-sdk/simplelink_extlib/provisioninglib" -g --define=cc3200 --define=__SL__ --define=ccs --diag_wrap=off --diag_warning=225 --display_error_number --abi=eabi --preproc_with_compile --preproc_dependency="uart_if.d"  "C:/TI/CC3200SDK_1.2.0/cc3200-sdk/example/common/uart_if.c"
'Finished building: C:/TI/CC3200SDK_1.2.0/cc3200-sdk/example/common/uart_if.c'
' '
'Building target: http_client_demo.out'
'Invoking: ARM Linker'
"C:/TI/ccsv6/tools/compiler/arm_15.12.3.LTS/bin/armcl" -mv7M4 --code_state=16 --float_support=vfplib -me -g --define=cc3200 --define=__SL__ --define=ccs --diag_wrap=off --diag_warning=225 --display_error_number --abi=eabi -z -m"http_client_demo.map" --stack_size=0x800 --heap_size=0x800 -i"C:/TI/ccsv6/tools/compiler/arm_15.12.3.LTS/lib" -i"C:/TI/ccsv6/tools/compiler/arm_15.12.3.LTS/include" -i"C:/TI/CC3200SDK_1.2.0/cc3200-sdk/netapps/http/client/ccs/HTTPClientMinLib" -i"C:/TI/CC3200SDK_1.2.0/cc3200-sdk/netapps/json/ccs/Release/" --reread_libs --diag_wrap=off --warn_sections --display_error_number --xml_link_info="http_client_demo_linkInfo.xml" --rom_model -o "http_client_demo.out" "./main.obj" "./network_common.obj" "./pinmux.obj" "./startup_ccs.obj" "./uart_if.obj" "../cc3200v1p32.cmd"  -llibc.a -l"C:/TI/CC3200SDK_1.2.0/cc3200-sdk/driverlib/ccs/Release/driverlib.a" -l"C:/TI/CC3200SDK_1.2.0/cc3200-sdk/simplelink/ccs/NON_OS/simplelink.a" -lwebclient.a -ljson.a 
<Linking>
'Finished building target: http_client_demo.out'
' '
"C:/TI/ccsv6/utils/tiobj2bin/tiobj2bin" "http_client_demo.out" "http_client_demo.bin" "C:/TI/ccsv6/tools/compiler/arm_15.12.3.LTS/bin/armofd" "C:/TI/ccsv6/tools/compiler/arm_15.12.3.LTS/bin/armhex" "C:/TI/ccsv6/utils/tiobj2bin/mkhex4bin"
' '

**** Build Finished ****
