
**** Build of configuration Release for project tcp_socket ****

"C:\\TI\\ccsv6\\utils\\bin\\gmake" -k all 
'Building file: ../main.c'
'Invoking: ARM Compiler'
"C:/TI/ccsv6/tools/compiler/arm_15.12.3.LTS/bin/armcl" -mv7M4 --code_state=16 --float_support=fpalib -me -Ooff --include_path="C:/TI/ccsv6/tools/compiler/arm_15.12.3.LTS/include" --include_path="C:/TI/CC3200SDK_1.2.0/cc3200-sdk/simplelink/" --include_path="C:/TI/CC3200SDK_1.2.0/cc3200-sdk/simplelink/include" --include_path="C:/TI/CC3200SDK_1.2.0/cc3200-sdk/simplelink/source" --include_path="C:/TI/CC3200SDK_1.2.0/cc3200-sdk/example/common" --include_path="C:/TI/CC3200SDK_1.2.0/cc3200-sdk/driverlib" --include_path="C:/TI/CC3200SDK_1.2.0/cc3200-sdk/inc" --include_path="C:/TI/CC3200SDK_1.2.0/cc3200-sdk/simplelink_extlib/provisioninglib" -g --gcc --define=ccs --define=USER_INPUT_ENABLE --define=cc3200 --diag_wrap=off --diag_warning=225 --display_error_number --abi=eabi --preproc_with_compile --preproc_dependency="main.d"  "../main.c"
'Finished building: ../main.c'
' '
'Building file: C:/TI/CC3200SDK_1.2.0/cc3200-sdk/example/common/network_common.c'
'Invoking: ARM Compiler'
"C:/TI/ccsv6/tools/compiler/arm_15.12.3.LTS/bin/armcl" -mv7M4 --code_state=16 --float_support=fpalib -me -Ooff --include_path="C:/TI/ccsv6/tools/compiler/arm_15.12.3.LTS/include" --include_path="C:/TI/CC3200SDK_1.2.0/cc3200-sdk/simplelink/" --include_path="C:/TI/CC3200SDK_1.2.0/cc3200-sdk/simplelink/include" --include_path="C:/TI/CC3200SDK_1.2.0/cc3200-sdk/simplelink/source" --include_path="C:/TI/CC3200SDK_1.2.0/cc3200-sdk/example/common" --include_path="C:/TI/CC3200SDK_1.2.0/cc3200-sdk/driverlib" --include_path="C:/TI/CC3200SDK_1.2.0/cc3200-sdk/inc" --include_path="C:/TI/CC3200SDK_1.2.0/cc3200-sdk/simplelink_extlib/provisioninglib" -g --gcc --define=ccs --define=USER_INPUT_ENABLE --define=cc3200 --diag_wrap=off --diag_warning=225 --display_error_number --abi=eabi --preproc_with_compile --preproc_dependency="network_common.d"  "C:/TI/CC3200SDK_1.2.0/cc3200-sdk/example/common/network_common.c"
'Finished building: C:/TI/CC3200SDK_1.2.0/cc3200-sdk/example/common/network_common.c'
' '
'Building file: ../pinmux.c'
'Invoking: ARM Compiler'
"C:/TI/ccsv6/tools/compiler/arm_15.12.3.LTS/bin/armcl" -mv7M4 --code_state=16 --float_support=fpalib -me -Ooff --include_path="C:/TI/ccsv6/tools/compiler/arm_15.12.3.LTS/include" --include_path="C:/TI/CC3200SDK_1.2.0/cc3200-sdk/simplelink/" --include_path="C:/TI/CC3200SDK_1.2.0/cc3200-sdk/simplelink/include" --include_path="C:/TI/CC3200SDK_1.2.0/cc3200-sdk/simplelink/source" --include_path="C:/TI/CC3200SDK_1.2.0/cc3200-sdk/example/common" --include_path="C:/TI/CC3200SDK_1.2.0/cc3200-sdk/driverlib" --include_path="C:/TI/CC3200SDK_1.2.0/cc3200-sdk/inc" --include_path="C:/TI/CC3200SDK_1.2.0/cc3200-sdk/simplelink_extlib/provisioninglib" -g --gcc --define=ccs --define=USER_INPUT_ENABLE --define=cc3200 --diag_wrap=off --diag_warning=225 --display_error_number --abi=eabi --preproc_with_compile --preproc_dependency="pinmux.d"  "../pinmux.c"
'Finished building: ../pinmux.c'
' '
'Building file: C:/TI/CC3200SDK_1.2.0/cc3200-sdk/example/common/startup_ccs.c'
'Invoking: ARM Compiler'
"C:/TI/ccsv6/tools/compiler/arm_15.12.3.LTS/bin/armcl" -mv7M4 --code_state=16 --float_support=fpalib -me -Ooff --include_path="C:/TI/ccsv6/tools/compiler/arm_15.12.3.LTS/include" --include_path="C:/TI/CC3200SDK_1.2.0/cc3200-sdk/simplelink/" --include_path="C:/TI/CC3200SDK_1.2.0/cc3200-sdk/simplelink/include" --include_path="C:/TI/CC3200SDK_1.2.0/cc3200-sdk/simplelink/source" --include_path="C:/TI/CC3200SDK_1.2.0/cc3200-sdk/example/common" --include_path="C:/TI/CC3200SDK_1.2.0/cc3200-sdk/driverlib" --include_path="C:/TI/CC3200SDK_1.2.0/cc3200-sdk/inc" --include_path="C:/TI/CC3200SDK_1.2.0/cc3200-sdk/simplelink_extlib/provisioninglib" -g --gcc --define=ccs --define=USER_INPUT_ENABLE --define=cc3200 --diag_wrap=off --diag_warning=225 --display_error_number --abi=eabi --preproc_with_compile --preproc_dependency="startup_ccs.d"  "C:/TI/CC3200SDK_1.2.0/cc3200-sdk/example/common/startup_ccs.c"
'Finished building: C:/TI/CC3200SDK_1.2.0/cc3200-sdk/example/common/startup_ccs.c'
' '
'Building file: C:/TI/CC3200SDK_1.2.0/cc3200-sdk/example/common/uart_if.c'
'Invoking: ARM Compiler'
"C:/TI/ccsv6/tools/compiler/arm_15.12.3.LTS/bin/armcl" -mv7M4 --code_state=16 --float_support=fpalib -me -Ooff --include_path="C:/TI/ccsv6/tools/compiler/arm_15.12.3.LTS/include" --include_path="C:/TI/CC3200SDK_1.2.0/cc3200-sdk/simplelink/" --include_path="C:/TI/CC3200SDK_1.2.0/cc3200-sdk/simplelink/include" --include_path="C:/TI/CC3200SDK_1.2.0/cc3200-sdk/simplelink/source" --include_path="C:/TI/CC3200SDK_1.2.0/cc3200-sdk/example/common" --include_path="C:/TI/CC3200SDK_1.2.0/cc3200-sdk/driverlib" --include_path="C:/TI/CC3200SDK_1.2.0/cc3200-sdk/inc" --include_path="C:/TI/CC3200SDK_1.2.0/cc3200-sdk/simplelink_extlib/provisioninglib" -g --gcc --define=ccs --define=USER_INPUT_ENABLE --define=cc3200 --diag_wrap=off --diag_warning=225 --display_error_number --abi=eabi --preproc_with_compile --preproc_dependency="uart_if.d"  "C:/TI/CC3200SDK_1.2.0/cc3200-sdk/example/common/uart_if.c"
'Finished building: C:/TI/CC3200SDK_1.2.0/cc3200-sdk/example/common/uart_if.c'
' '
'Building file: C:/TI/CC3200SDK_1.2.0/cc3200-sdk/example/common/udma_if.c'
'Invoking: ARM Compiler'
"C:/TI/ccsv6/tools/compiler/arm_15.12.3.LTS/bin/armcl" -mv7M4 --code_state=16 --float_support=fpalib -me -Ooff --include_path="C:/TI/ccsv6/tools/compiler/arm_15.12.3.LTS/include" --include_path="C:/TI/CC3200SDK_1.2.0/cc3200-sdk/simplelink/" --include_path="C:/TI/CC3200SDK_1.2.0/cc3200-sdk/simplelink/include" --include_path="C:/TI/CC3200SDK_1.2.0/cc3200-sdk/simplelink/source" --include_path="C:/TI/CC3200SDK_1.2.0/cc3200-sdk/example/common" --include_path="C:/TI/CC3200SDK_1.2.0/cc3200-sdk/driverlib" --include_path="C:/TI/CC3200SDK_1.2.0/cc3200-sdk/inc" --include_path="C:/TI/CC3200SDK_1.2.0/cc3200-sdk/simplelink_extlib/provisioninglib" -g --gcc --define=ccs --define=USER_INPUT_ENABLE --define=cc3200 --diag_wrap=off --diag_warning=225 --display_error_number --abi=eabi --preproc_with_compile --preproc_dependency="udma_if.d"  "C:/TI/CC3200SDK_1.2.0/cc3200-sdk/example/common/udma_if.c"
'Finished building: C:/TI/CC3200SDK_1.2.0/cc3200-sdk/example/common/udma_if.c'
' '
'Building target: tcp_socket.out'
'Invoking: ARM Linker'
"C:/TI/ccsv6/tools/compiler/arm_15.12.3.LTS/bin/armcl" -mv7M4 --code_state=16 --float_support=fpalib -me -Ooff -g --gcc --define=ccs --define=USER_INPUT_ENABLE --define=cc3200 --diag_wrap=off --diag_warning=225 --display_error_number --abi=eabi -z -m"tcp_socket.map" --stack_size=0x800 --heap_size=0x800 -i"C:/TI/ccsv6/tools/compiler/arm_15.12.3.LTS/lib" -i"C:/TI/ccsv6/tools/compiler/arm_15.12.3.LTS/include" --reread_libs --diag_wrap=off --warn_sections --display_error_number --xml_link_info="tcp_socket_linkInfo.xml" --rom_model -o "tcp_socket.out" "./main.obj" "./network_common.obj" "./pinmux.obj" "./startup_ccs.obj" "./uart_if.obj" "./udma_if.obj" "../cc3200v1p32.cmd"  -llibc.a -l"C:/TI/CC3200SDK_1.2.0/cc3200-sdk/simplelink/ccs/NON_OS/simplelink.a" -l"C:/TI/CC3200SDK_1.2.0/cc3200-sdk/driverlib/ccs/Release/driverlib.a" 
<Linking>
'Finished building target: tcp_socket.out'
' '
"C:/TI/ccsv6/utils/tiobj2bin/tiobj2bin" "tcp_socket.out" "tcp_socket.bin" "C:/TI/ccsv6/tools/compiler/arm_15.12.3.LTS/bin/armofd" "C:/TI/ccsv6/tools/compiler/arm_15.12.3.LTS/bin/armhex" "C:/TI/ccsv6/utils/tiobj2bin/mkhex4bin"
' '

**** Build Finished ****
