
**** Build of configuration Release for project wlan_station ****

"C:\\TI\\ccsv6\\utils\\bin\\gmake" -k all 
'Building file: ../adam.cpp'
'Invoking: ARM Compiler'
"C:/TI/ccsv6/tools/compiler/ti-cgt-arm_15.12.1.LTS/bin/armcl" -mv7M4 -me --include_path="C:/TI/ccsv6/tools/compiler/ti-cgt-arm_15.12.1.LTS/include" --include_path="C:/TI/CC3200SDK_1.2.0/cc3200-sdk/simplelink/" --include_path="C:/TI/CC3200SDK_1.2.0/cc3200-sdk/simplelink/include" --include_path="C:/TI/CC3200SDK_1.2.0/cc3200-sdk/simplelink/source" --include_path="C:/TI/CC3200SDK_1.2.0/cc3200-sdk/example/common" --include_path="C:/TI/CC3200SDK_1.2.0/cc3200-sdk/oslib" --include_path="C:/TI/CC3200SDK_1.2.0/cc3200-sdk/driverlib" --include_path="C:/TI/CC3200SDK_1.2.0/cc3200-sdk/inc" --include_path="C:/TI/CC3200SDK_1.2.0/cc3200-sdk/simplelink_extlib/provisioninglib" -g --define=ccs --define=USE_TIRTOS --define=SL_PLATFORM_MULTI_THREADED --define=cc3200 --diag_wrap=off --diag_warning=225 --display_error_number --abi=eabi --preproc_with_compile --preproc_dependency="adam.d" --cmd_file="C:/TI/work/ti_rtos_config/Default/configPkg/compiler.opt" "../adam.cpp"
'Finished building: ../adam.cpp'
' '
'Building file: C:/TI/CC3200SDK_1.2.0/cc3200-sdk/example/common/gpio_if.c'
'Invoking: ARM Compiler'
"C:/TI/ccsv6/tools/compiler/ti-cgt-arm_15.12.1.LTS/bin/armcl" -mv7M4 -me --include_path="C:/TI/ccsv6/tools/compiler/ti-cgt-arm_15.12.1.LTS/include" --include_path="C:/TI/CC3200SDK_1.2.0/cc3200-sdk/simplelink/" --include_path="C:/TI/CC3200SDK_1.2.0/cc3200-sdk/simplelink/include" --include_path="C:/TI/CC3200SDK_1.2.0/cc3200-sdk/simplelink/source" --include_path="C:/TI/CC3200SDK_1.2.0/cc3200-sdk/example/common" --include_path="C:/TI/CC3200SDK_1.2.0/cc3200-sdk/oslib" --include_path="C:/TI/CC3200SDK_1.2.0/cc3200-sdk/driverlib" --include_path="C:/TI/CC3200SDK_1.2.0/cc3200-sdk/inc" --include_path="C:/TI/CC3200SDK_1.2.0/cc3200-sdk/simplelink_extlib/provisioninglib" -g --define=ccs --define=USE_TIRTOS --define=SL_PLATFORM_MULTI_THREADED --define=cc3200 --diag_wrap=off --diag_warning=225 --display_error_number --abi=eabi --preproc_with_compile --preproc_dependency="gpio_if.d" --cmd_file="C:/TI/work/ti_rtos_config/Default/configPkg/compiler.opt" "C:/TI/CC3200SDK_1.2.0/cc3200-sdk/example/common/gpio_if.c"
'Finished building: C:/TI/CC3200SDK_1.2.0/cc3200-sdk/example/common/gpio_if.c'
' '
'Building file: ../main.cpp'
'Invoking: ARM Compiler'
"C:/TI/ccsv6/tools/compiler/ti-cgt-arm_15.12.1.LTS/bin/armcl" -mv7M4 -me --include_path="C:/TI/ccsv6/tools/compiler/ti-cgt-arm_15.12.1.LTS/include" --include_path="C:/TI/CC3200SDK_1.2.0/cc3200-sdk/simplelink/" --include_path="C:/TI/CC3200SDK_1.2.0/cc3200-sdk/simplelink/include" --include_path="C:/TI/CC3200SDK_1.2.0/cc3200-sdk/simplelink/source" --include_path="C:/TI/CC3200SDK_1.2.0/cc3200-sdk/example/common" --include_path="C:/TI/CC3200SDK_1.2.0/cc3200-sdk/oslib" --include_path="C:/TI/CC3200SDK_1.2.0/cc3200-sdk/driverlib" --include_path="C:/TI/CC3200SDK_1.2.0/cc3200-sdk/inc" --include_path="C:/TI/CC3200SDK_1.2.0/cc3200-sdk/simplelink_extlib/provisioninglib" -g --define=ccs --define=USE_TIRTOS --define=SL_PLATFORM_MULTI_THREADED --define=cc3200 --diag_wrap=off --diag_warning=225 --display_error_number --abi=eabi --preproc_with_compile --preproc_dependency="main.d" --cmd_file="C:/TI/work/ti_rtos_config/Default/configPkg/compiler.opt" "../main.cpp"
'Finished building: ../main.cpp'
' '
'Building file: C:/TI/CC3200SDK_1.2.0/cc3200-sdk/example/common/network_common.c'
'Invoking: ARM Compiler'
"C:/TI/ccsv6/tools/compiler/ti-cgt-arm_15.12.1.LTS/bin/armcl" -mv7M4 -me --include_path="C:/TI/ccsv6/tools/compiler/ti-cgt-arm_15.12.1.LTS/include" --include_path="C:/TI/CC3200SDK_1.2.0/cc3200-sdk/simplelink/" --include_path="C:/TI/CC3200SDK_1.2.0/cc3200-sdk/simplelink/include" --include_path="C:/TI/CC3200SDK_1.2.0/cc3200-sdk/simplelink/source" --include_path="C:/TI/CC3200SDK_1.2.0/cc3200-sdk/example/common" --include_path="C:/TI/CC3200SDK_1.2.0/cc3200-sdk/oslib" --include_path="C:/TI/CC3200SDK_1.2.0/cc3200-sdk/driverlib" --include_path="C:/TI/CC3200SDK_1.2.0/cc3200-sdk/inc" --include_path="C:/TI/CC3200SDK_1.2.0/cc3200-sdk/simplelink_extlib/provisioninglib" -g --define=ccs --define=USE_TIRTOS --define=SL_PLATFORM_MULTI_THREADED --define=cc3200 --diag_wrap=off --diag_warning=225 --display_error_number --abi=eabi --preproc_with_compile --preproc_dependency="network_common.d" --cmd_file="C:/TI/work/ti_rtos_config/Default/configPkg/compiler.opt" "C:/TI/CC3200SDK_1.2.0/cc3200-sdk/example/common/network_common.c"
'Finished building: C:/TI/CC3200SDK_1.2.0/cc3200-sdk/example/common/network_common.c'
' '
'Building file: ../pinmux.c'
'Invoking: ARM Compiler'
"C:/TI/ccsv6/tools/compiler/ti-cgt-arm_15.12.1.LTS/bin/armcl" -mv7M4 -me --include_path="C:/TI/ccsv6/tools/compiler/ti-cgt-arm_15.12.1.LTS/include" --include_path="C:/TI/CC3200SDK_1.2.0/cc3200-sdk/simplelink/" --include_path="C:/TI/CC3200SDK_1.2.0/cc3200-sdk/simplelink/include" --include_path="C:/TI/CC3200SDK_1.2.0/cc3200-sdk/simplelink/source" --include_path="C:/TI/CC3200SDK_1.2.0/cc3200-sdk/example/common" --include_path="C:/TI/CC3200SDK_1.2.0/cc3200-sdk/oslib" --include_path="C:/TI/CC3200SDK_1.2.0/cc3200-sdk/driverlib" --include_path="C:/TI/CC3200SDK_1.2.0/cc3200-sdk/inc" --include_path="C:/TI/CC3200SDK_1.2.0/cc3200-sdk/simplelink_extlib/provisioninglib" -g --define=ccs --define=USE_TIRTOS --define=SL_PLATFORM_MULTI_THREADED --define=cc3200 --diag_wrap=off --diag_warning=225 --display_error_number --abi=eabi --preproc_with_compile --preproc_dependency="pinmux.d" --cmd_file="C:/TI/work/ti_rtos_config/Default/configPkg/compiler.opt" "../pinmux.c"
'Finished building: ../pinmux.c'
' '
'Building file: C:/TI/CC3200SDK_1.2.0/cc3200-sdk/example/common/uart_if.c'
'Invoking: ARM Compiler'
"C:/TI/ccsv6/tools/compiler/ti-cgt-arm_15.12.1.LTS/bin/armcl" -mv7M4 -me --include_path="C:/TI/ccsv6/tools/compiler/ti-cgt-arm_15.12.1.LTS/include" --include_path="C:/TI/CC3200SDK_1.2.0/cc3200-sdk/simplelink/" --include_path="C:/TI/CC3200SDK_1.2.0/cc3200-sdk/simplelink/include" --include_path="C:/TI/CC3200SDK_1.2.0/cc3200-sdk/simplelink/source" --include_path="C:/TI/CC3200SDK_1.2.0/cc3200-sdk/example/common" --include_path="C:/TI/CC3200SDK_1.2.0/cc3200-sdk/oslib" --include_path="C:/TI/CC3200SDK_1.2.0/cc3200-sdk/driverlib" --include_path="C:/TI/CC3200SDK_1.2.0/cc3200-sdk/inc" --include_path="C:/TI/CC3200SDK_1.2.0/cc3200-sdk/simplelink_extlib/provisioninglib" -g --define=ccs --define=USE_TIRTOS --define=SL_PLATFORM_MULTI_THREADED --define=cc3200 --diag_wrap=off --diag_warning=225 --display_error_number --abi=eabi --preproc_with_compile --preproc_dependency="uart_if.d" --cmd_file="C:/TI/work/ti_rtos_config/Default/configPkg/compiler.opt" "C:/TI/CC3200SDK_1.2.0/cc3200-sdk/example/common/uart_if.c"
'Finished building: C:/TI/CC3200SDK_1.2.0/cc3200-sdk/example/common/uart_if.c'
' '
'Building target: wlan_station.out'
'Invoking: ARM Linker'
"C:/TI/ccsv6/tools/compiler/ti-cgt-arm_15.12.1.LTS/bin/armcl" -mv7M4 -me -g --define=ccs --define=USE_TIRTOS --define=SL_PLATFORM_MULTI_THREADED --define=cc3200 --diag_wrap=off --diag_warning=225 --display_error_number --abi=eabi -z -m"wlan_station.map" --stack_size=0x800 --heap_size=0x800 -i"C:/TI/ccsv6/tools/compiler/ti-cgt-arm_15.12.1.LTS/lib" -i"C:/TI/ccsv6/tools/compiler/ti-cgt-arm_15.12.1.LTS/include" --reread_libs --diag_wrap=off --warn_sections --display_error_number --xml_link_info="wlan_station_linkInfo.xml" --rom_model -o "wlan_station.out" "./adam.obj" "./gpio_if.obj" "./main.obj" "./network_common.obj" "./pinmux.obj" "./uart_if.obj" "../cc3200v1p32.cmd" -l"C:/TI/work/ti_rtos_config/Default/configPkg/linker.cmd" -llibc.a -l"C:/TI/CC3200SDK_1.2.0/cc3200-sdk/driverlib/ccs/Release/driverlib.a" -l"C:/TI/CC3200SDK_1.2.0/cc3200-sdk/simplelink/ccs/OS/simplelink.a" -l"C:/TI/CC3200SDK_1.2.0/cc3200-sdk/oslib/ccs/ti_rtos/ti_rtos.a" 
<Linking>
'Finished building target: wlan_station.out'
' '
"C:/TI/ccsv6/utils/tiobj2bin/tiobj2bin" "wlan_station.out" "wlan_station.bin" "C:/TI/ccsv6/tools/compiler/ti-cgt-arm_15.12.1.LTS/bin/armofd" "C:/TI/ccsv6/tools/compiler/ti-cgt-arm_15.12.1.LTS/bin/armhex" "C:/TI/ccsv6/utils/tiobj2bin/mkhex4bin"
' '

**** Build Finished ****
